hacktiv8/build/intermediates/manifest_merge_blame_file/debug/manifest-merger-blame-debug-report.txt
1<?xml version="1.0" encoding="utf-8"?>
2<manifest xmlns:android="http://schemas.android.com/apk/res/android"
3    package="com.belajar.android"
4    android:versionCode="1"
5    android:versionName="1.0" >
6
7    <uses-sdk
8        android:minSdkVersion="21"
8-->src\main\AndroidManifest.xml
9        android:targetSdkVersion="33" />
9-->src\main\AndroidManifest.xml
10
11    <uses-permission android:name="android.permission.INTERNET" />
11-->src\main\AndroidManifest.xml:6:5-67
11-->src\main\AndroidManifest.xml:6:22-64
12
13    <application
13-->src\main\AndroidManifest.xml:8:5-221:19
14        android:allowBackup="true"
14-->src\main\AndroidManifest.xml:9:9-35
15        android:appComponentFactory="androidx.core.app.CoreComponentFactory"
15-->[androidx.core:core:1.8.0] AndroidManifest.xml:24:18-86
16        android:dataExtractionRules="@xml/data_extraction_rules"
16-->src\main\AndroidManifest.xml:10:9-65
17        android:debuggable="true"
18        android:fullBackupContent="@xml/backup_rules"
18-->src\main\AndroidManifest.xml:11:9-54
19        android:icon="@mipmap/ic_launcher"
19-->src\main\AndroidManifest.xml:12:9-43
20        android:label="@string/app_name"
20-->src\main\AndroidManifest.xml:13:9-41
21        android:roundIcon="@mipmap/ic_launcher_round"
21-->src\main\AndroidManifest.xml:14:9-54
22        android:supportsRtl="true"
22-->src\main\AndroidManifest.xml:15:9-35
23        android:testOnly="true"
24        android:theme="@style/Theme.AppCompat.DayNight"
24-->src\main\AndroidManifest.xml:17:9-56
25        android:usesCleartextTraffic="true" >
25-->src\main\AndroidManifest.xml:16:9-44
26        <activity
26-->src\main\AndroidManifest.xml:20:9-26:20
27            android:name="com.belajar.android.RetrofitMainActivity"
27-->src\main\AndroidManifest.xml:21:13-49
28            android:exported="true" >
28-->src\main\AndroidManifest.xml:22:13-36
29            <meta-data
29-->src\main\AndroidManifest.xml:23:13-25:36
30                android:name="android.app.lib_name"
30-->src\main\AndroidManifest.xml:24:17-52
31                android:value="" />
31-->src\main\AndroidManifest.xml:25:17-33
32        </activity>
33        <activity
33-->src\main\AndroidManifest.xml:27:9-33:20
34            android:name="com.belajar.android.NotificationTestMain"
34-->src\main\AndroidManifest.xml:28:13-49
35            android:exported="true" >
35-->src\main\AndroidManifest.xml:29:13-36
36            <meta-data
36-->src\main\AndroidManifest.xml:23:13-25:36
37                android:name="android.app.lib_name"
37-->src\main\AndroidManifest.xml:24:17-52
38                android:value="" />
38-->src\main\AndroidManifest.xml:25:17-33
39        </activity>
40
41        <receiver
41-->src\main\AndroidManifest.xml:35:9-41:20
42            android:name="com.belajar.android.NotificationTestReceiver"
42-->src\main\AndroidManifest.xml:36:13-53
43            android:exported="true" >
43-->src\main\AndroidManifest.xml:37:13-36
44            <intent-filter>
44-->src\main\AndroidManifest.xml:38:13-40:29
45                <category android:name="android.intent.category.DEFAULT" />
45-->src\main\AndroidManifest.xml:39:17-76
45-->src\main\AndroidManifest.xml:39:27-73
46            </intent-filter>
47        </receiver> <!--  -->
48        <activity
48-->src\main\AndroidManifest.xml:42:9-44:39
49            android:name="com.belajar.android.SQLiteMainActivity"
49-->src\main\AndroidManifest.xml:43:13-47
50            android:exported="true" />
50-->src\main\AndroidManifest.xml:44:13-36
51        <activity
51-->src\main\AndroidManifest.xml:45:9-48:45
52            android:name="com.belajar.android.BackgroundServices"
52-->src\main\AndroidManifest.xml:46:13-47
53            android:exported="false" />
53-->src\main\AndroidManifest.xml:47:13-37
54        <activity
54-->src\main\AndroidManifest.xml:49:9-51:39
55            android:name="com.belajar.android.BackgroundProcessing"
55-->src\main\AndroidManifest.xml:50:13-49
56            android:exported="true" />
56-->src\main\AndroidManifest.xml:51:13-36
57        <activity
57-->src\main\AndroidManifest.xml:52:9-54:39
58            android:name="com.belajar.android.DelightfulUserExperiences"
58-->src\main\AndroidManifest.xml:53:13-54
59            android:exported="true" />
59-->src\main\AndroidManifest.xml:54:13-36
60        <activity
60-->src\main\AndroidManifest.xml:55:9-57:40
61            android:name="com.belajar.android.UserInteraction2"
61-->src\main\AndroidManifest.xml:56:13-45
62            android:exported="false" />
62-->src\main\AndroidManifest.xml:57:13-37
63        <activity
63-->src\main\AndroidManifest.xml:58:9-68:20
64            android:name="com.belajar.android.UserInteraction"
64-->src\main\AndroidManifest.xml:59:13-44
65            android:exported="true" >
65-->src\main\AndroidManifest.xml:60:13-36
66
67            <!-- <intent-filter> -->
68            <!-- <action android:name="android.intent.action.MAIN" /> -->
69
70
71            <!-- <category android:name="android.intent.category.LAUNCHER" /> -->
72            <!-- </intent-filter> -->
73        </activity>
74        <activity
74-->src\main\AndroidManifest.xml:69:9-79:20
75            android:name="com.belajar.android.CounterHomework"
75-->src\main\AndroidManifest.xml:70:13-44
76            android:exported="true" >
76-->src\main\AndroidManifest.xml:71:13-36
77
78            <!-- <intent-filter> -->
79            <!-- <action android:name="android.intent.action.MAIN" /> -->
80
81
82            <!-- <category android:name="android.intent.category.LAUNCHER" /> -->
83            <!-- </intent-filter> -->
84        </activity>
85        <activity
85-->src\main\AndroidManifest.xml:80:9-90:20
86            android:name="com.belajar.android.HacktivLayoutViewConstraint"
86-->src\main\AndroidManifest.xml:81:13-56
87            android:exported="true" >
87-->src\main\AndroidManifest.xml:82:13-36
88
89            <!-- <intent-filter> -->
90            <!-- <action android:name="android.intent.action.MAIN" /> -->
91            <!--  -->
92            <!-- <category android:name="android.intent.category.LAUNCHER" /> -->
93            <!--  -->
94            <!-- </intent-filter> -->
95        </activity>
96        <activity
96-->src\main\AndroidManifest.xml:91:9-101:20
97            android:name="com.belajar.android.HacktivLayoutViewRelative"
97-->src\main\AndroidManifest.xml:92:13-54
98            android:exported="true" >
98-->src\main\AndroidManifest.xml:93:13-36
99
100            <!-- <intent-filter> -->
101            <!-- <action android:name="android.intent.action.MAIN" /> -->
102
103
104            <!-- <category android:name="android.intent.category.LAUNCHER" /> -->
105            <!-- </intent-filter> -->
106        </activity>
107        <activity
107-->src\main\AndroidManifest.xml:102:9-112:20
108            android:name="com.belajar.android.HacktivLayoutViewLinear"
108-->src\main\AndroidManifest.xml:103:13-52
109            android:exported="true" >
109-->src\main\AndroidManifest.xml:104:13-36
110
111            <!-- <intent-filter> -->
112            <!-- <action android:name="android.intent.action.MAIN" /> -->
113
114
115            <!-- <category android:name="android.intent.category.LAUNCHER" /> -->
116            <!-- </intent-filter> -->
117        </activity>
118        <activity
118-->src\main\AndroidManifest.xml:113:9-115:39
119            android:name="com.belajar.android.HacktivSesi6_view"
119-->src\main\AndroidManifest.xml:114:13-46
120            android:exported="true" />
120-->src\main\AndroidManifest.xml:115:13-36
121        <activity
121-->src\main\AndroidManifest.xml:116:9-126:20
122            android:name="com.belajar.android.HacktivSesi6_main"
122-->src\main\AndroidManifest.xml:117:13-46
123            android:exported="true" >
123-->src\main\AndroidManifest.xml:118:13-36
124
125            <!-- <intent-filter> -->
126            <!-- <action android:name="android.intent.action.MAIN" /> -->
127
128
129            <!-- <category android:name="android.intent.category.LAUNCHER" /> -->
130            <!-- </intent-filter> -->
131        </activity>
132        <activity
132-->src\main\AndroidManifest.xml:127:9-129:40
133            android:name="com.belajar.android.MainActivity"
133-->src\main\AndroidManifest.xml:128:13-41
134            android:exported="false" />
134-->src\main\AndroidManifest.xml:129:13-37
135        <activity
135-->src\main\AndroidManifest.xml:130:9-132:39
136            android:name="com.belajar.android.IntentApp2"
136-->src\main\AndroidManifest.xml:131:13-39
137            android:exported="true" />
137-->src\main\AndroidManifest.xml:132:13-36
138        <activity
138-->src\main\AndroidManifest.xml:133:9-143:20
139            android:name="com.belajar.android.IntentApp"
139-->src\main\AndroidManifest.xml:134:13-38
140            android:exported="true" >
140-->src\main\AndroidManifest.xml:135:13-36
141
142            <!-- <intent-filter> -->
143            <!-- <action android:name="android.intent.action.MAIN" /> -->
144
145
146            <!-- <category android:name="android.intent.category.LAUNCHER" /> -->
147            <!-- </intent-filter> -->
148        </activity>
149        <activity
149-->src\main\AndroidManifest.xml:144:9-154:20
150            android:name="com.belajar.android.RadioButtons"
150-->src\main\AndroidManifest.xml:145:13-41
151            android:exported="true" >
151-->src\main\AndroidManifest.xml:146:13-36
152
153            <!-- <intent-filter> -->
154            <!-- <action android:name="android.intent.action.MAIN" /> -->
155
156
157            <!-- <category android:name="android.intent.category.LAUNCHER" /> -->
158            <!-- </intent-filter> -->
159        </activity>
160        <activity
160-->src\main\AndroidManifest.xml:155:9-165:20
161            android:name="com.belajar.android.CheckButton"
161-->src\main\AndroidManifest.xml:156:13-40
162            android:exported="true" >
162-->src\main\AndroidManifest.xml:157:13-36
163
164            <!-- <intent-filter> -->
165            <!-- <action android:name="android.intent.action.MAIN" /> -->
166
167
168            <!-- <category android:name="android.intent.category.LAUNCHER" /> -->
169            <!-- </intent-filter> -->
170        </activity>
171        <activity
171-->src\main\AndroidManifest.xml:166:9-176:20
172            android:name="com.belajar.android.ImagesView"
172-->src\main\AndroidManifest.xml:167:13-39
173            android:exported="true" >
173-->src\main\AndroidManifest.xml:168:13-36
174
175            <!-- <intent-filter> -->
176            <!-- <action android:name="android.intent.action.MAIN" /> -->
177
178
179            <!-- <category android:name="android.intent.category.LAUNCHER" /> -->
180            <!-- </intent-filter> -->
181        </activity>
182        <activity
182-->src\main\AndroidManifest.xml:177:9-187:20
183            android:name="com.belajar.android.EditText"
183-->src\main\AndroidManifest.xml:178:13-37
184            android:exported="true" >
184-->src\main\AndroidManifest.xml:179:13-36
185
186            <!-- <intent-filter> -->
187            <!-- <action android:name="android.intent.action.MAIN" /> -->
188
189
190            <!-- <category android:name="android.intent.category.LAUNCHER" /> -->
191            <!-- </intent-filter> -->
192        </activity>
193        <activity
193-->src\main\AndroidManifest.xml:188:9-198:20
194            android:name="com.belajar.android.Buttons"
194-->src\main\AndroidManifest.xml:189:13-36
195            android:exported="true" >
195-->src\main\AndroidManifest.xml:190:13-36
196
197            <!-- <intent-filter> -->
198            <!-- <action android:name="android.intent.action.MAIN" /> -->
199
200
201            <!-- <category android:name="android.intent.category.LAUNCHER" /> -->
202            <!-- </intent-filter> -->
203        </activity>
204        <activity
204-->src\main\AndroidManifest.xml:199:9-209:20
205            android:name="com.belajar.android.TextViews"
205-->src\main\AndroidManifest.xml:200:13-38
206            android:exported="true" >
206-->src\main\AndroidManifest.xml:201:13-36
207
208            <!-- <intent-filter> -->
209            <!-- <action android:name="android.intent.action.MAIN" /> -->
210
211
212            <!-- <category android:name="android.intent.category.LAUNCHER" /> -->
213            <!-- </intent-filter> -->
214        </activity>
215        <activity
215-->src\main\AndroidManifest.xml:210:9-220:20
216            android:name="com.belajar.android.Layouts"
216-->src\main\AndroidManifest.xml:211:13-36
217            android:exported="true" >
217-->src\main\AndroidManifest.xml:212:13-36
218
219            <!-- <intent-filter> -->
220            <!-- <action android:name="android.intent.action.MAIN" /> -->
221
222
223            <!-- <category android:name="android.intent.category.LAUNCHER" /> -->
224            <!-- </intent-filter> -->
225        </activity>
226
227        <provider
227-->[com.squareup.picasso:picasso:2.8] AndroidManifest.xml:8:9-11:40
228            android:name="com.squareup.picasso.PicassoProvider"
228-->[com.squareup.picasso:picasso:2.8] AndroidManifest.xml:9:13-64
229            android:authorities="com.belajar.android.com.squareup.picasso"
229-->[com.squareup.picasso:picasso:2.8] AndroidManifest.xml:10:13-72
230            android:exported="false" />
230-->[com.squareup.picasso:picasso:2.8] AndroidManifest.xml:11:13-37
231        <provider
231-->[androidx.emoji2:emoji2:1.2.0] AndroidManifest.xml:24:9-32:20
232            android:name="androidx.startup.InitializationProvider"
232-->[androidx.emoji2:emoji2:1.2.0] AndroidManifest.xml:25:13-67
233            android:authorities="com.belajar.android.androidx-startup"
233-->[androidx.emoji2:emoji2:1.2.0] AndroidManifest.xml:26:13-68
234            android:exported="false" >
234-->[androidx.emoji2:emoji2:1.2.0] AndroidManifest.xml:27:13-37
235            <meta-data
235-->[androidx.emoji2:emoji2:1.2.0] AndroidManifest.xml:29:13-31:52
236                android:name="androidx.emoji2.text.EmojiCompatInitializer"
236-->[androidx.emoji2:emoji2:1.2.0] AndroidManifest.xml:30:17-75
237                android:value="androidx.startup" />
237-->[androidx.emoji2:emoji2:1.2.0] AndroidManifest.xml:31:17-49
238            <meta-data
238-->[androidx.lifecycle:lifecycle-process:2.4.1] AndroidManifest.xml:31:13-33:52
239                android:name="androidx.lifecycle.ProcessLifecycleInitializer"
239-->[androidx.lifecycle:lifecycle-process:2.4.1] AndroidManifest.xml:32:17-78
240                android:value="androidx.startup" />
240-->[androidx.lifecycle:lifecycle-process:2.4.1] AndroidManifest.xml:33:17-49
241        </provider>
242    </application>
243
244</manifest>